<?xml version="1.0" encoding="UTF-8"?>
<!-- Generated by org.testng.reporters.JUnitXMLReporter -->
<testsuite ignored="4" hostname="User" failures="0" tests="1" name="Default test" time="204.456" errors="0" timestamp="2024-11-26T10:20:50 IST">
  <testcase classname="Doctor.DoctorTest" name="cancelAppointment" time="186.011"/>
  <testcase classname="Doctor.DoctorTest" name="cancelAppointmentAndCheck" time="0.0">
    <ignored/>
  </testcase> <!-- cancelAppointmentAndCheck -->
  <testcase classname="Doctor.DoctorTest" name="login" time="0.0">
    <ignored/>
  </testcase> <!-- login -->
  <testcase classname="Doctor.DoctorTest" name="createDoctor" time="0.0">
    <ignored/>
  </testcase> <!-- createDoctor -->
  <testcase classname="Doctor.DoctorTest" name="createDoctorAndBookAppointment" time="0.0">
    <ignored/>
  </testcase> <!-- createDoctorAndBookAppointment -->
</testsuite> <!-- Default test -->
