<?xml version="1.0" encoding="UTF-8"?>
<testng-results ignored="4" total="5" passed="1" failed="0" skipped="0">
  <reporter-output>
  </reporter-output>
  <suite started-at="2024-11-26T10:17:26 IST" name="Default suite" finished-at="2024-11-26T10:20:50 IST" duration-ms="204456">
    <groups>
      <group name="integration">
        <method signature="DoctorTest.cancelAppointment()[pri:0, instance:Doctor.DoctorTest@22ff4249]" name="cancelAppointment" class="Doctor.DoctorTest"/>
      </group> <!-- integration -->
    </groups>
    <test started-at="2024-11-26T10:17:26 IST" name="Default test" finished-at="2024-11-26T10:20:50 IST" duration-ms="204456">
      <class name="Doctor.DoctorTest">
        <test-method is-config="true" signature="beforeSuite()[pri:0, instance:Doctor.DoctorTest@22ff4249]" started-at="2024-11-26T10:17:26 IST" name="beforeSuite" finished-at="2024-11-26T10:17:26 IST" duration-ms="8" status="PASS">
          <reporter-output>
          </reporter-output>
        </test-method> <!-- beforeSuite -->
        <test-method is-config="true" signature="beforeTest()[pri:0, instance:Doctor.DoctorTest@22ff4249]" started-at="2024-11-26T10:17:26 IST" name="beforeTest" finished-at="2024-11-26T10:17:26 IST" duration-ms="1" status="PASS">
          <reporter-output>
          </reporter-output>
        </test-method> <!-- beforeTest -->
        <test-method is-config="true" signature="beforeClass()[pri:0, instance:Doctor.DoctorTest@22ff4249]" started-at="2024-11-26T10:17:26 IST" name="beforeClass" finished-at="2024-11-26T10:17:29 IST" duration-ms="3166" status="PASS">
          <reporter-output>
          </reporter-output>
        </test-method> <!-- beforeClass -->
        <test-method is-config="true" signature="beforeMethod()[pri:0, instance:Doctor.DoctorTest@22ff4249]" started-at="2024-11-26T10:17:29 IST" name="beforeMethod" finished-at="2024-11-26T10:17:44 IST" duration-ms="14983" status="PASS">
          <reporter-output>
          </reporter-output>
        </test-method> <!-- beforeMethod -->
        <test-method signature="cancelAppointment()[pri:0, instance:Doctor.DoctorTest@22ff4249]" started-at="2024-11-26T10:17:44 IST" name="cancelAppointment" finished-at="2024-11-26T10:20:50 IST" duration-ms="186011" status="PASS">
          <reporter-output>
          </reporter-output>
        </test-method> <!-- cancelAppointment -->
        <test-method is-config="true" signature="afterMethod()[pri:0, instance:Doctor.DoctorTest@22ff4249]" started-at="2024-11-26T10:20:50 IST" name="afterMethod" finished-at="2024-11-26T10:20:50 IST" duration-ms="0" status="PASS">
          <reporter-output>
          </reporter-output>
        </test-method> <!-- afterMethod -->
        <test-method is-config="true" signature="afterClass()[pri:0, instance:Doctor.DoctorTest@22ff4249]" started-at="2024-11-26T10:20:50 IST" name="afterClass" finished-at="2024-11-26T10:20:50 IST" duration-ms="254" status="PASS">
          <reporter-output>
          </reporter-output>
        </test-method> <!-- afterClass -->
        <test-method is-config="true" signature="afterTest()[pri:0, instance:Doctor.DoctorTest@22ff4249]" started-at="2024-11-26T10:20:50 IST" name="afterTest" finished-at="2024-11-26T10:20:50 IST" duration-ms="0" status="PASS">
          <reporter-output>
          </reporter-output>
        </test-method> <!-- afterTest -->
        <test-method is-config="true" signature="afterSuite()[pri:0, instance:Doctor.DoctorTest@22ff4249]" started-at="2024-11-26T10:20:50 IST" name="afterSuite" finished-at="2024-11-26T10:20:50 IST" duration-ms="1" status="PASS">
          <reporter-output>
          </reporter-output>
        </test-method> <!-- afterSuite -->
      </class> <!-- Doctor.DoctorTest -->
    </test> <!-- Default test -->
  </suite> <!-- Default suite -->
</testng-results>
